This is XeTeX, Version 3.1415926-2.2-0.9995.2 (TeX Live 2009/Debian) (format=xelatex 2010.1.28)  30 JAN 2010 15:01
entering extended mode
 restricted \write18 enabled.
 %&-line parsing enabled.
**pouzitie.tex
(./pouzitie.tex
LaTeX2e <2009/09/24>
Babel <v3.8l> and hyphenation patterns for english, usenglishmax, dumylang, noh
yphenation, loaded.
! Undefined control sequence.
l.1 \beamertemplateshadingbackground
                                    {white}{white}
? 
! Emergency stop.
l.1 \beamertemplateshadingbackground
                                    {white}{white}
End of file on the terminal!

 
Here is how much of TeX's memory you used:
 4 strings out of 495724
 46 string characters out of 1189346
 45194 words of memory out of 3000000
 3237 multiletter control sequences out of 15000+50000
 3640 words of font info for 14 fonts, out of 3000000 for 9000
 28 hyphenation exceptions out of 8191
 5i,0n,1p,61b,8s stack positions out of 5000i,500n,10000p,200000b,50000s
No pages of output.
